<?xml version="1.0" encoding="UTF-8"?>
<!-- Generated by org.testng.reporters.JUnitXMLReporter -->
<testsuite hostname="CBT-082" ignored="0" name="Regression" tests="1" failures="1" timestamp="16 Jan 2017 08:38:45 GMT" time="134.974" errors="0">
  <testcase name="@AfterMethod tearDown" time="0.0" classname="com.EmpiresAndAllies.library.BaseLib">
    <failure type="java.lang.NullPointerException">
      <![CDATA[java.lang.NullPointerException
	at com.EmpiresAndAllies.library.BaseLib.tearDown(BaseLib.java:56)
... Removed 30 stack frames]]>
    </failure>
  </testcase> <!-- @AfterMethod tearDown -->
  <testcase name="defaultHomePage" time="40.025" classname="com.EmpiresAndAllies.scripts.HomePage">
    <failure type="java.lang.NoClassDefFoundError" message="org/sikuli/script/Screen">
      <![CDATA[java.lang.NoClassDefFoundError: org/sikuli/script/Screen
	at com.EmpiresAndAllies.scripts.HomePage.defaultHomePage(HomePage.java:26)
Caused by: java.lang.ClassNotFoundException: org.sikuli.script.Screen
	at java.net.URLClassLoader.findClass(Unknown Source)
	at java.lang.ClassLoader.loadClass(Unknown Source)
	at sun.misc.Launcher$AppClassLoader.loadClass(Unknown Source)
	at java.lang.ClassLoader.loadClass(Unknown Source)
	... 29 more
... Removed 28 stack frames]]>
    </failure>
  </testcase> <!-- defaultHomePage -->
</testsuite> <!-- Regression -->
