<?xml version="1.0" encoding="UTF-8"?>
<testng-results skipped="0" failed="1" total="4" passed="3">
  <reporter-output>
    <line>
      <![CDATA[STEP1]]>
    </line>
    <line>
      <![CDATA[STEP2]]>
    </line>
    <line>
      <![CDATA[STEP3]]>
    </line>
    <line>
      <![CDATA[STEP4]]>
    </line>
    <line>
      <![CDATA[STEP5]]>
    </line>
    <line>
      <![CDATA[STEP6]]>
    </line>
    <line>
      <![CDATA[STEP7]]>
    </line>
    <line>
      <![CDATA[STEP8]]>
    </line>
    <line>
      <![CDATA[STEP9]]>
    </line>
    <line>
      <![CDATA[STEP10]]>
    </line>
    <line>
      <![CDATA[STEP11]]>
    </line>
    <line>
      <![CDATA[STEP12]]>
    </line>
    <line>
      <![CDATA[STEP13]]>
    </line>
    <line>
      <![CDATA[STEP14]]>
    </line>
    <line>
      <![CDATA[STEP15]]>
    </line>
  </reporter-output>
  <suite name="Suite" duration-ms="616432" started-at="2017-01-19T09:52:24Z" finished-at="2017-01-19T10:02:40Z">
    <groups>
    </groups>
    <test name="Regression" duration-ms="616432" started-at="2017-01-19T09:52:24Z" finished-at="2017-01-19T10:02:40Z">
      <class name="com.empiresAndAllies.scripts.HomePageTest">
        <test-method status="PASS" signature="setUp()[pri:0, instance:com.empiresAndAllies.scripts.HomePageTest@4678c730]" name="setUp" is-config="true" duration-ms="19076" started-at="2017-01-19T15:22:24Z" finished-at="2017-01-19T15:22:43Z">
          <reporter-output>
          </reporter-output>
        </test-method> <!-- setUp -->
        <test-method status="PASS" signature="defaultHomePage()[pri:1, instance:com.empiresAndAllies.scripts.HomePageTest@4678c730]" name="defaultHomePage" duration-ms="216122" started-at="2017-01-19T15:22:43Z" description="To Verify the display of Elements in Default Home Page" finished-at="2017-01-19T15:26:19Z">
          <reporter-output>
            <line>
              <![CDATA[STEP1]]>
            </line>
            <line>
              <![CDATA[STEP2]]>
            </line>
            <line>
              <![CDATA[STEP3]]>
            </line>
            <line>
              <![CDATA[STEP4]]>
            </line>
            <line>
              <![CDATA[STEP5]]>
            </line>
            <line>
              <![CDATA[STEP6]]>
            </line>
          </reporter-output>
        </test-method> <!-- defaultHomePage -->
        <test-method status="PASS" signature="bulidguardtower()[pri:2, instance:com.empiresAndAllies.scripts.HomePageTest@4678c730]" name="bulidguardtower" duration-ms="103432" started-at="2017-01-19T15:26:19Z" description="Build a guard tower in Empire base  in Empire base" finished-at="2017-01-19T15:28:03Z">
          <reporter-output>
            <line>
              <![CDATA[STEP7]]>
            </line>
            <line>
              <![CDATA[STEP8]]>
            </line>
            <line>
              <![CDATA[STEP9]]>
            </line>
            <line>
              <![CDATA[STEP10]]>
            </line>
          </reporter-output>
        </test-method> <!-- bulidguardtower -->
        <test-method status="PASS" signature="buildTroopTarmac()[pri:3, instance:com.empiresAndAllies.scripts.HomePageTest@4678c730]" name="buildTroopTarmac" duration-ms="128460" started-at="2017-01-19T15:28:03Z" description="Build a Troop Tarmac in Empire base and add the Soliders in it" finished-at="2017-01-19T15:30:11Z">
          <reporter-output>
            <line>
              <![CDATA[STEP11]]>
            </line>
            <line>
              <![CDATA[STEP12]]>
            </line>
          </reporter-output>
        </test-method> <!-- buildTroopTarmac -->
        <test-method status="FAIL" signature="connectfacebook()[pri:11, instance:com.empiresAndAllies.scripts.HomePageTest@4678c730]" name="connectfacebook" duration-ms="149277" started-at="2017-01-19T15:30:11Z" description="Connect and Disconnect to FB from the application and Verify the FB is connected and disconnected" finished-at="2017-01-19T15:32:40Z">
          <exception class="org.sikuli.script.FindFailed">
            <message>
              <![CDATA[can not find P(C:\Empire and Allies Framework\Empire and Allies Framework\Project Images\DoneBtn.png) S: 0.7 on the screen.]]>
            </message>
            <full-stacktrace>
              <![CDATA[FindFailed: can not find P(C:\Empire and Allies Framework\Empire and Allies Framework\Project Images\DoneBtn.png) S: 0.7 on the screen.
  Line 1574, in file Region.java

	at org.sikuli.script.Region.handleFindFailed(Region.java:1574)
	at org.sikuli.script.Region.wait(Region.java:1682)
	at com.empiresAndAllies.library.GenericLib.clickImg(GenericLib.java:150)
	at com.empiresAndAllies.scripts.HomePageTest.connectfacebook(HomePageTest.java:432)
	at sun.reflect.NativeMethodAccessorImpl.invoke0(Native Method)
	at sun.reflect.NativeMethodAccessorImpl.invoke(NativeMethodAccessorImpl.java:62)
	at sun.reflect.DelegatingMethodAccessorImpl.invoke(DelegatingMethodAccessorImpl.java:43)
	at java.lang.reflect.Method.invoke(Method.java:497)
	at org.testng.internal.MethodInvocationHelper.invokeMethod(MethodInvocationHelper.java:86)
	at org.testng.internal.Invoker.invokeMethod(Invoker.java:643)
	at org.testng.internal.Invoker.invokeTestMethod(Invoker.java:820)
	at org.testng.internal.Invoker.invokeTestMethods(Invoker.java:1128)
	at org.testng.internal.TestMethodWorker.invokeTestMethods(TestMethodWorker.java:129)
	at org.testng.internal.TestMethodWorker.run(TestMethodWorker.java:112)
	at org.testng.TestRunner.privateRun(TestRunner.java:782)
	at org.testng.TestRunner.run(TestRunner.java:632)
	at org.testng.SuiteRunner.runTest(SuiteRunner.java:366)
	at org.testng.SuiteRunner.runSequentially(SuiteRunner.java:361)
	at org.testng.SuiteRunner.privateRun(SuiteRunner.java:319)
	at org.testng.SuiteRunner.run(SuiteRunner.java:268)
	at org.testng.SuiteRunnerWorker.runSuite(SuiteRunnerWorker.java:52)
	at org.testng.SuiteRunnerWorker.run(SuiteRunnerWorker.java:86)
	at org.testng.TestNG.runSuitesSequentially(TestNG.java:1244)
	at org.testng.TestNG.runSuitesLocally(TestNG.java:1169)
	at org.testng.TestNG.run(TestNG.java:1064)
	at org.testng.remote.RemoteTestNG.run(RemoteTestNG.java:113)
	at org.testng.remote.RemoteTestNG.initAndRun(RemoteTestNG.java:206)
	at org.testng.remote.RemoteTestNG.main(RemoteTestNG.java:177)
]]>
            </full-stacktrace>
          </exception> <!-- org.sikuli.script.FindFailed -->
          <reporter-output>
            <line>
              <![CDATA[STEP13]]>
            </line>
            <line>
              <![CDATA[STEP14]]>
            </line>
            <line>
              <![CDATA[STEP15]]>
            </line>
          </reporter-output>
        </test-method> <!-- connectfacebook -->
      </class> <!-- com.empiresAndAllies.scripts.HomePageTest -->
    </test> <!-- Regression -->
  </suite> <!-- Suite -->
</testng-results>
